
> customizelk@0.1.0 build
> next build

⚠ Warning: Next.js inferred your workspace root, but it may not be correct.
 We detected multiple lockfiles and selected the directory of C:\Users\M S I\package-lock.json as the root directory.
 To silence this warning, set `turbopack.root` in your Next.js config, or consider removing one of the lockfiles if it's not needed.
   See https://nextjs.org/docs/app/api-reference/config/next-config-js/turbopack#root-directory for more information.
 Detected additional lockfiles: 
   * C:\Users\M S I\Desktop\Development\CYO\Customizelk,com\package-lock.json
   * C:\Users\M S I\Desktop\Development\package-lock.json

▲ Next.js 16.1.6 (Turbopack)

  Creating an optimized production build ...
✓ Compiled successfully in 17.3s
  Running TypeScript ...
Failed to compile.

./src/app/facilities/page.tsx:3:58
Type error: Cannot find module '@/components/ui/card' or its corresponding type declarations.

[0m [90m 1 |[39m [36mimport[39m [33mHeader[39m [36mfrom[39m [32m"@/components/layout/Header"[39m[33m;[39m
 [90m 2 |[39m [36mimport[39m [33mFooter[39m [36mfrom[39m [32m"@/components/layout/Footer"[39m[33m;[39m
[31m[1m>[22m[39m[90m 3 |[39m [36mimport[39m { [33mCard[39m[33m,[39m [33mCardContent[39m[33m,[39m [33mCardHeader[39m[33m,[39m [33mCardTitle[39m } [36mfrom[39m [32m"@/components/ui/card"[39m[33m;[39m
 [90m   |[39m                                                          [31m[1m^[22m[39m
 [90m 4 |[39m [36mimport[39m [33mImage[39m [36mfrom[39m [32m"next/image"[39m[33m;[39m
 [90m 5 |[39m
 [90m 6 |[39m [90m// Placeholder Card component as we don't have shadcn card installed yet or I missed it.[39m[0m
Next.js build worker exited with code: 1 and signal: null
